<?xml version="1.0" encoding="UTF-8"?>
<testsuite name="SorterTest" tests="4" skipped="0" failures="0" errors="0" timestamp="2019-05-15T09:37:01" hostname="NDOKE-M-R0X7" time="0.003">
  <properties/>
  <testcase name="insertionSort" classname="SorterTest" time="0.002"/>
  <testcase name="bubbleSort" classname="SorterTest" time="0.0"/>
  <testcase name="selectionSort" classname="SorterTest" time="0.0"/>
  <testcase name="quickSort" classname="SorterTest" time="0.0"/>
  <system-out><![CDATA[]]></system-out>
  <system-err><![CDATA[]]></system-err>
</testsuite>
